<?xml version="1.0" encoding="UTF-8"?>
<!-- Generated by org.testng.reporters.JUnitReportReporter -->
<testsuite hostname="DESKTOP-JHJJCVS" failures="0" tests="1" name="CRUDOperationsusingTDD.GetRequest1Test" time="2.687" errors="0" timestamp="2022-11-03T20:42:20 IST" skipped="0">
  <testcase classname="CRUDOperationsusingTDD.GetRequest1Test" name="getRequestTest" time="2.687"/>
  <system-out/>
</testsuite> <!-- CRUDOperationsusingTDD.GetRequest1Test -->
