<?xml version="1.0" encoding="UTF-8"?>
<!-- Generated by org.testng.reporters.JUnitReportReporter -->
<testsuite hostname="DESKTOP-JHJJCVS" failures="0" tests="1" name="authentication.BearerToken" time="5.772" errors="0" timestamp="2022-11-04T12:19:42 IST" skipped="0">
  <testcase classname="authentication.BearerToken" name="bearerToken" time="5.772"/>
  <system-out/>
</testsuite> <!-- authentication.BearerToken -->
