<?xml version="1.0" encoding="UTF-8"?>
<!-- Generated by org.testng.reporters.JUnitReportReporter -->
<testsuite hostname="DESKTOP-JHJJCVS" failures="0" tests="1" name="authentication.BasicAuth" time="4.566" errors="0" timestamp="2022-11-04T12:09:35 IST" skipped="0">
  <testcase classname="authentication.BasicAuth" name="baseAuth" time="4.566"/>
  <system-out/>
</testsuite> <!-- authentication.BasicAuth -->
