<?xml version="1.0" encoding="UTF-8"?>
<!-- Generated by org.testng.reporters.JUnitReportReporter -->
<testsuite hostname="DESKTOP-JHJJCVS" failures="0" tests="1" name="CRUDOperationsusingTDD.Get_Id_clubRequestTest" time="2.811" errors="0" timestamp="2022-11-04T10:33:35 IST" skipped="0">
  <testcase classname="CRUDOperationsusingTDD.Get_Id_clubRequestTest" name="getRequestTest" time="2.811"/>
  <system-out/>
</testsuite> <!-- CRUDOperationsusingTDD.Get_Id_clubRequestTest -->
