<?xml version="1.0" encoding="UTF-8"?>
<!-- Generated by org.testng.reporters.JUnitReportReporter -->
<testsuite hostname="DESKTOP-JHJJCVS" failures="0" tests="1" name="CRUDOperationsusingTDD.Get_clubRequest1Test" time="3.510" errors="0" timestamp="2022-11-04T00:32:48 IST" skipped="0">
  <testcase classname="CRUDOperationsusingTDD.Get_clubRequest1Test" name="getRequestTest" time="3.510"/>
  <system-out/>
</testsuite> <!-- CRUDOperationsusingTDD.Get_clubRequest1Test -->
