<?xml version="1.0" encoding="UTF-8"?>
<!-- Generated by org.testng.reporters.JUnitReportReporter -->
<testsuite hostname="DESKTOP-JHJJCVS" failures="0" tests="1" name="CRUDOperationsusingTDD.GetRequestTest" time="2.613" errors="0" timestamp="2022-11-02T18:02:50 IST" skipped="0">
  <testcase classname="CRUDOperationsusingTDD.GetRequestTest" name="getRequestTest" time="2.613"/>
  <system-out/>
</testsuite> <!-- CRUDOperationsusingTDD.GetRequestTest -->
