<?xml version="1.0" encoding="UTF-8"?>
<!-- Generated by org.testng.reporters.JUnitReportReporter -->
<testsuite hostname="DESKTOP-JHJJCVS" failures="0" tests="1" name="CRUDOperationsusingTDD.Post_clubRequest_test" time="3.050" errors="0" timestamp="2022-11-03T20:45:31 IST" skipped="0">
  <testcase classname="CRUDOperationsusingTDD.Post_clubRequest_test" name="postRequestTest" time="3.050"/>
  <system-out/>
</testsuite> <!-- CRUDOperationsusingTDD.Post_clubRequest_test -->
