<?xml version="1.0" encoding="UTF-8"?>
<!-- Generated by org.testng.reporters.JUnitReportReporter -->
<testsuite hostname="DESKTOP-JHJJCVS" failures="0" tests="1" name="CRUDOperationsusingTDD.Put_clubRequestTest" time="3.113" errors="0" timestamp="2022-11-03T20:45:02 IST" skipped="0">
  <testcase classname="CRUDOperationsusingTDD.Put_clubRequestTest" name="putRequestTest" time="3.113"/>
  <system-out/>
</testsuite> <!-- CRUDOperationsusingTDD.Put_clubRequestTest -->
