<?xml version="1.0" encoding="UTF-8"?>
<!-- Generated by org.testng.reporters.JUnitReportReporter -->
<testsuite hostname="DESKTOP-JHJJCVS" failures="0" tests="1" name="CRUDOperationsusingTDD.Post_Request_test" time="2.951" errors="0" timestamp="2022-11-03T20:42:34 IST" skipped="0">
  <testcase classname="CRUDOperationsusingTDD.Post_Request_test" name="postRequestTest" time="2.951"/>
  <system-out/>
</testsuite> <!-- CRUDOperationsusingTDD.Post_Request_test -->
