<?xml version="1.0" encoding="UTF-8"?>
<!-- Generated by org.testng.reporters.JUnitReportReporter -->
<testsuite hostname="DESKTOP-JHJJCVS" failures="0" tests="1" name="CRUDOperationsusingTDD.Get_clubRequestTest" time="4.578" errors="0" timestamp="2022-11-04T00:03:15 IST" skipped="0">
  <testcase classname="CRUDOperationsusingTDD.Get_clubRequestTest" name="getRequestTest" time="4.578"/>
  <system-out/>
</testsuite> <!-- CRUDOperationsusingTDD.Get_clubRequestTest -->
