<?xml version="1.0" encoding="UTF-8"?>
<!-- Generated by org.testng.reporters.JUnitReportReporter -->
<testsuite hostname="DESKTOP-JHJJCVS" failures="0" tests="1" name="CRUDOperationsusingTDD.PutRequestTest" time="3.322" errors="0" timestamp="2022-11-03T16:16:28 IST" skipped="0">
  <testcase classname="CRUDOperationsusingTDD.PutRequestTest" name="putRequestTest" time="3.322"/>
  <system-out/>
</testsuite> <!-- CRUDOperationsusingTDD.PutRequestTest -->
